<?xml version="1.0" encoding="UTF-8"?>
<testng-results skipped="0" failed="0" ignored="0" total="1" passed="1">
  <reporter-output>
  </reporter-output>
  <suite name="Default suite" duration-ms="43" started-at="2021-10-02T01:35:29 EDT" finished-at="2021-10-02T01:35:29 EDT">
    <groups>
    </groups>
    <test name="Default test" duration-ms="43" started-at="2021-10-02T01:35:29 EDT" finished-at="2021-10-02T01:35:29 EDT">
      <class name="apiTest.SampleTest">
        <test-method status="PASS" signature="validateReadFileFromResourcesFunction()[pri:0, instance:apiTest.SampleTest@6325a3ee]" name="validateReadFileFromResourcesFunction" duration-ms="15" started-at="2021-10-02T01:35:29 EDT" finished-at="2021-10-02T01:35:29 EDT">
          <reporter-output>
          </reporter-output>
        </test-method> <!-- validateReadFileFromResourcesFunction -->
      </class> <!-- apiTest.SampleTest -->
    </test> <!-- Default test -->
  </suite> <!-- Default suite -->
</testng-results>
