<?xml version="1.0" encoding="UTF-8"?>
<testng-results ignored="0" total="1" passed="1" failed="0" skipped="0">
  <reporter-output>
  </reporter-output>
  <suite started-at="2021-09-26T21:17:19 EDT" name="apiTest.SampleTest" finished-at="2021-09-26T21:17:19 EDT" duration-ms="30">
    <groups>
    </groups>
    <test started-at="2021-09-26T21:17:19 EDT" name="Command line test" finished-at="2021-09-26T21:17:19 EDT" duration-ms="30">
      <class name="apiTest.SampleTest">
        <test-method signature="test()[pri:0, instance:apiTest.SampleTest@76707e36]" started-at="2021-09-26T21:17:19 EDT" name="test" finished-at="2021-09-26T21:17:19 EDT" duration-ms="4" status="PASS">
          <reporter-output>
          </reporter-output>
        </test-method> <!-- test -->
      </class> <!-- apiTest.SampleTest -->
    </test> <!-- Command line test -->
  </suite> <!-- apiTest.SampleTest -->
</testng-results>
